ERROR - 2022-06-07 05:30:49 --> Error connecting to the database: No connection could be made because the target machine actively refused it
CRITICAL - 2022-06-07 05:30:49 --> Unable to connect to the database.
Main connection [MySQLi]: No connection could be made because the target machine actively refused it
#0 D:\Xampp\htdocs\TugasAkhirPemweb\vendor\codeigniter4\framework\system\Database\BaseConnection.php(577): CodeIgniter\Database\BaseConnection->initialize()
#1 D:\Xampp\htdocs\TugasAkhirPemweb\app\Models\M_Webinar.php(13): CodeIgniter\Database\BaseConnection->query('SELECT * FROM w...')
#2 D:\Xampp\htdocs\TugasAkhirPemweb\app\Controllers\C_Webinar.php(13): App\Models\M_Webinar->getAllWebinar()
#3 D:\Xampp\htdocs\TugasAkhirPemweb\vendor\codeigniter4\framework\system\CodeIgniter.php(832): App\Controllers\C_Webinar->index()
#4 D:\Xampp\htdocs\TugasAkhirPemweb\vendor\codeigniter4\framework\system\CodeIgniter.php(419): CodeIgniter\CodeIgniter->runController(Object(App\Controllers\C_Webinar))
#5 D:\Xampp\htdocs\TugasAkhirPemweb\vendor\codeigniter4\framework\system\CodeIgniter.php(326): CodeIgniter\CodeIgniter->handleRequest(NULL, Object(Config\Cache), false)
#6 D:\Xampp\htdocs\TugasAkhirPemweb\public\index.php(37): CodeIgniter\CodeIgniter->run()
#7 D:\Xampp\htdocs\TugasAkhirPemweb\vendor\codeigniter4\framework\system\Commands\Server\rewrite.php(43): require_once('D:\\Xampp\\htdocs...')
#8 {main}
ERROR - 2022-06-07 05:30:53 --> Error connecting to the database: No connection could be made because the target machine actively refused it
CRITICAL - 2022-06-07 05:30:53 --> Unable to connect to the database.
Main connection [MySQLi]: No connection could be made because the target machine actively refused it
#0 D:\Xampp\htdocs\TugasAkhirPemweb\vendor\codeigniter4\framework\system\Database\BaseConnection.php(577): CodeIgniter\Database\BaseConnection->initialize()
#1 D:\Xampp\htdocs\TugasAkhirPemweb\app\Models\M_Webinar.php(13): CodeIgniter\Database\BaseConnection->query('SELECT * FROM w...')
#2 D:\Xampp\htdocs\TugasAkhirPemweb\app\Controllers\C_Webinar.php(13): App\Models\M_Webinar->getAllWebinar()
#3 D:\Xampp\htdocs\TugasAkhirPemweb\vendor\codeigniter4\framework\system\CodeIgniter.php(832): App\Controllers\C_Webinar->index()
#4 D:\Xampp\htdocs\TugasAkhirPemweb\vendor\codeigniter4\framework\system\CodeIgniter.php(419): CodeIgniter\CodeIgniter->runController(Object(App\Controllers\C_Webinar))
#5 D:\Xampp\htdocs\TugasAkhirPemweb\vendor\codeigniter4\framework\system\CodeIgniter.php(326): CodeIgniter\CodeIgniter->handleRequest(NULL, Object(Config\Cache), false)
#6 D:\Xampp\htdocs\TugasAkhirPemweb\public\index.php(37): CodeIgniter\CodeIgniter->run()
#7 D:\Xampp\htdocs\TugasAkhirPemweb\vendor\codeigniter4\framework\system\Commands\Server\rewrite.php(43): require_once('D:\\Xampp\\htdocs...')
#8 {main}
CRITICAL - 2022-06-07 06:11:11 --> Cannot declare class App\Controllers\C_Slider, because the name is already in use
#0 [internal function]: CodeIgniter\Debug\Exceptions->shutdownHandler()
#1 {main}
CRITICAL - 2022-06-07 06:12:04 --> Cannot declare class App\Controllers\C_SliderAdmin, because the name is already in use
#0 [internal function]: CodeIgniter\Debug\Exceptions->shutdownHandler()
#1 {main}
CRITICAL - 2022-06-07 06:12:05 --> Cannot declare class App\Controllers\C_SliderAdmin, because the name is already in use
#0 [internal function]: CodeIgniter\Debug\Exceptions->shutdownHandler()
#1 {main}
CRITICAL - 2022-06-07 06:12:28 --> Cannot declare class App\Controllers\C_Slider, because the name is already in use
#0 [internal function]: CodeIgniter\Debug\Exceptions->shutdownHandler()
#1 {main}
CRITICAL - 2022-06-07 06:18:22 --> Invalid file: admin_header.php
#0 D:\Xampp\htdocs\TugasAkhirPemweb\vendor\codeigniter4\framework\system\View\View.php(198): CodeIgniter\Exceptions\FrameworkException::forInvalidFile('admin_header.ph...')
#1 D:\Xampp\htdocs\TugasAkhirPemweb\vendor\codeigniter4\framework\system\Common.php(1089): CodeIgniter\View\View->render('admin_header', Array, true)
#2 D:\Xampp\htdocs\TugasAkhirPemweb\app\Controllers\Admin\C_Slider.php(11): view('admin_header')
#3 D:\Xampp\htdocs\TugasAkhirPemweb\vendor\codeigniter4\framework\system\CodeIgniter.php(832): App\Controllers\Admin\C_Slider->index()
#4 D:\Xampp\htdocs\TugasAkhirPemweb\vendor\codeigniter4\framework\system\CodeIgniter.php(419): CodeIgniter\CodeIgniter->runController(Object(App\Controllers\Admin\C_Slider))
#5 D:\Xampp\htdocs\TugasAkhirPemweb\vendor\codeigniter4\framework\system\CodeIgniter.php(326): CodeIgniter\CodeIgniter->handleRequest(NULL, Object(Config\Cache), false)
#6 D:\Xampp\htdocs\TugasAkhirPemweb\public\index.php(37): CodeIgniter\CodeIgniter->run()
#7 D:\Xampp\htdocs\TugasAkhirPemweb\vendor\codeigniter4\framework\system\Commands\Server\rewrite.php(43): require_once('D:\\Xampp\\htdocs...')
#8 {main}
CRITICAL - 2022-06-07 06:50:54 --> Call to a member function move() on null
#0 D:\Xampp\htdocs\TugasAkhirPemweb\app\Controllers\Admin\C_Slider.php(42): App\Controllers\Admin\C_Slider->uploadImage()
#1 D:\Xampp\htdocs\TugasAkhirPemweb\vendor\codeigniter4\framework\system\CodeIgniter.php(832): App\Controllers\Admin\C_Slider->addProcess()
#2 D:\Xampp\htdocs\TugasAkhirPemweb\vendor\codeigniter4\framework\system\CodeIgniter.php(419): CodeIgniter\CodeIgniter->runController(Object(App\Controllers\Admin\C_Slider))
#3 D:\Xampp\htdocs\TugasAkhirPemweb\vendor\codeigniter4\framework\system\CodeIgniter.php(326): CodeIgniter\CodeIgniter->handleRequest(NULL, Object(Config\Cache), false)
#4 D:\Xampp\htdocs\TugasAkhirPemweb\public\index.php(37): CodeIgniter\CodeIgniter->run()
#5 D:\Xampp\htdocs\TugasAkhirPemweb\vendor\codeigniter4\framework\system\Commands\Server\rewrite.php(43): require_once('D:\\Xampp\\htdocs...')
#6 {main}
CRITICAL - 2022-06-07 06:53:27 --> finfo_file(D:\Xampp\tmp\phpB10E.tmp): Failed to open stream: No such file or directory
#0 [internal function]: CodeIgniter\Debug\Exceptions->errorHandler(2, 'finfo_file(D:\\X...', 'D:\\Xampp\\htdocs...', 109)
#1 D:\Xampp\htdocs\TugasAkhirPemweb\vendor\codeigniter4\framework\system\Files\File.php(109): finfo_file(Object(finfo), 'D:\\Xampp\\tmp\\ph...')
#2 D:\Xampp\htdocs\TugasAkhirPemweb\vendor\codeigniter4\framework\system\HTTP\Files\UploadedFile.php(302): CodeIgniter\Files\File->getMimeType()
#3 D:\Xampp\htdocs\TugasAkhirPemweb\vendor\codeigniter4\framework\system\HTTP\Files\UploadedFile.php(291): CodeIgniter\HTTP\Files\UploadedFile->guessExtension()
#4 D:\Xampp\htdocs\TugasAkhirPemweb\vendor\codeigniter4\framework\system\Files\File.php(121): CodeIgniter\HTTP\Files\UploadedFile->getExtension()
#5 D:\Xampp\htdocs\TugasAkhirPemweb\app\Controllers\Admin\C_Slider.php(56): CodeIgniter\Files\File->getRandomName()
#6 D:\Xampp\htdocs\TugasAkhirPemweb\app\Controllers\Admin\C_Slider.php(42): App\Controllers\Admin\C_Slider->uploadImage('gambar')
#7 D:\Xampp\htdocs\TugasAkhirPemweb\vendor\codeigniter4\framework\system\CodeIgniter.php(832): App\Controllers\Admin\C_Slider->addProcess()
#8 D:\Xampp\htdocs\TugasAkhirPemweb\vendor\codeigniter4\framework\system\CodeIgniter.php(419): CodeIgniter\CodeIgniter->runController(Object(App\Controllers\Admin\C_Slider))
#9 D:\Xampp\htdocs\TugasAkhirPemweb\vendor\codeigniter4\framework\system\CodeIgniter.php(326): CodeIgniter\CodeIgniter->handleRequest(NULL, Object(Config\Cache), false)
#10 D:\Xampp\htdocs\TugasAkhirPemweb\public\index.php(37): CodeIgniter\CodeIgniter->run()
#11 D:\Xampp\htdocs\TugasAkhirPemweb\vendor\codeigniter4\framework\system\Commands\Server\rewrite.php(43): require_once('D:\\Xampp\\htdocs...')
#12 {main}
CRITICAL - 2022-06-07 06:53:50 --> finfo_file(D:\Xampp\tmp\php970.tmp): Failed to open stream: No such file or directory
#0 [internal function]: CodeIgniter\Debug\Exceptions->errorHandler(2, 'finfo_file(D:\\X...', 'D:\\Xampp\\htdocs...', 109)
#1 D:\Xampp\htdocs\TugasAkhirPemweb\vendor\codeigniter4\framework\system\Files\File.php(109): finfo_file(Object(finfo), 'D:\\Xampp\\tmp\\ph...')
#2 D:\Xampp\htdocs\TugasAkhirPemweb\vendor\codeigniter4\framework\system\HTTP\Files\UploadedFile.php(302): CodeIgniter\Files\File->getMimeType()
#3 D:\Xampp\htdocs\TugasAkhirPemweb\vendor\codeigniter4\framework\system\HTTP\Files\UploadedFile.php(291): CodeIgniter\HTTP\Files\UploadedFile->guessExtension()
#4 D:\Xampp\htdocs\TugasAkhirPemweb\vendor\codeigniter4\framework\system\Files\File.php(121): CodeIgniter\HTTP\Files\UploadedFile->getExtension()
#5 D:\Xampp\htdocs\TugasAkhirPemweb\app\Controllers\Admin\C_Slider.php(56): CodeIgniter\Files\File->getRandomName()
#6 D:\Xampp\htdocs\TugasAkhirPemweb\app\Controllers\Admin\C_Slider.php(42): App\Controllers\Admin\C_Slider->uploadImage('gambar')
#7 D:\Xampp\htdocs\TugasAkhirPemweb\vendor\codeigniter4\framework\system\CodeIgniter.php(832): App\Controllers\Admin\C_Slider->addProcess()
#8 D:\Xampp\htdocs\TugasAkhirPemweb\vendor\codeigniter4\framework\system\CodeIgniter.php(419): CodeIgniter\CodeIgniter->runController(Object(App\Controllers\Admin\C_Slider))
#9 D:\Xampp\htdocs\TugasAkhirPemweb\vendor\codeigniter4\framework\system\CodeIgniter.php(326): CodeIgniter\CodeIgniter->handleRequest(NULL, Object(Config\Cache), false)
#10 D:\Xampp\htdocs\TugasAkhirPemweb\public\index.php(37): CodeIgniter\CodeIgniter->run()
#11 D:\Xampp\htdocs\TugasAkhirPemweb\vendor\codeigniter4\framework\system\Commands\Server\rewrite.php(43): require_once('D:\\Xampp\\htdocs...')
#12 {main}
ERROR - 2022-06-07 08:35:46 --> Error connecting to the database: No connection could be made because the target machine actively refused it
CRITICAL - 2022-06-07 08:35:46 --> Unable to connect to the database.
Main connection [MySQLi]: No connection could be made because the target machine actively refused it
#0 D:\Xampp\htdocs\TugasAkhirPemweb\vendor\codeigniter4\framework\system\Database\BaseConnection.php(577): CodeIgniter\Database\BaseConnection->initialize()
#1 D:\Xampp\htdocs\TugasAkhirPemweb\vendor\codeigniter4\framework\system\Database\BaseBuilder.php(1455): CodeIgniter\Database\BaseConnection->query('SELECT *\nFROM `...', Array, false)
#2 D:\Xampp\htdocs\TugasAkhirPemweb\app\Models\M_Slider.php(19): CodeIgniter\Database\BaseBuilder->get()
#3 D:\Xampp\htdocs\TugasAkhirPemweb\app\Controllers\Admin\C_Slider.php(21): App\Models\M_Slider->getAllSlider()
#4 D:\Xampp\htdocs\TugasAkhirPemweb\vendor\codeigniter4\framework\system\CodeIgniter.php(832): App\Controllers\Admin\C_Slider->index()
#5 D:\Xampp\htdocs\TugasAkhirPemweb\vendor\codeigniter4\framework\system\CodeIgniter.php(419): CodeIgniter\CodeIgniter->runController(Object(App\Controllers\Admin\C_Slider))
#6 D:\Xampp\htdocs\TugasAkhirPemweb\vendor\codeigniter4\framework\system\CodeIgniter.php(326): CodeIgniter\CodeIgniter->handleRequest(NULL, Object(Config\Cache), false)
#7 D:\Xampp\htdocs\TugasAkhirPemweb\public\index.php(37): CodeIgniter\CodeIgniter->run()
#8 D:\Xampp\htdocs\TugasAkhirPemweb\vendor\codeigniter4\framework\system\Commands\Server\rewrite.php(43): require_once('D:\\Xampp\\htdocs...')
#9 {main}
CRITICAL - 2022-06-07 10:06:34 --> Cannot use object of type stdClass as array
#0 D:\Xampp\htdocs\TugasAkhirPemweb\vendor\codeigniter4\framework\system\View\View.php(210): include()
#1 D:\Xampp\htdocs\TugasAkhirPemweb\vendor\codeigniter4\framework\system\View\View.php(213): CodeIgniter\View\View->CodeIgniter\View\{closure}()
#2 D:\Xampp\htdocs\TugasAkhirPemweb\vendor\codeigniter4\framework\system\Common.php(1089): CodeIgniter\View\View->render('admin/V_EditSli...', Array, true)
#3 D:\Xampp\htdocs\TugasAkhirPemweb\app\Controllers\Admin\C_Slider.php(87): view('admin/V_EditSli...', Array)
#4 D:\Xampp\htdocs\TugasAkhirPemweb\vendor\codeigniter4\framework\system\CodeIgniter.php(832): App\Controllers\Admin\C_Slider->edit('1')
#5 D:\Xampp\htdocs\TugasAkhirPemweb\vendor\codeigniter4\framework\system\CodeIgniter.php(419): CodeIgniter\CodeIgniter->runController(Object(App\Controllers\Admin\C_Slider))
#6 D:\Xampp\htdocs\TugasAkhirPemweb\vendor\codeigniter4\framework\system\CodeIgniter.php(326): CodeIgniter\CodeIgniter->handleRequest(NULL, Object(Config\Cache), false)
#7 D:\Xampp\htdocs\TugasAkhirPemweb\public\index.php(37): CodeIgniter\CodeIgniter->run()
#8 D:\Xampp\htdocs\TugasAkhirPemweb\vendor\codeigniter4\framework\system\Commands\Server\rewrite.php(43): require_once('D:\\Xampp\\htdocs...')
#9 {main}
CRITICAL - 2022-06-07 10:09:05 --> Undefined variable $item
#0 D:\Xampp\htdocs\TugasAkhirPemweb\app\Views\admin\V_EditSlider.php(30): CodeIgniter\Debug\Exceptions->errorHandler(2, 'Undefined varia...', 'D:\\Xampp\\htdocs...', 30)
#1 D:\Xampp\htdocs\TugasAkhirPemweb\vendor\codeigniter4\framework\system\View\View.php(210): include('D:\\Xampp\\htdocs...')
#2 D:\Xampp\htdocs\TugasAkhirPemweb\vendor\codeigniter4\framework\system\View\View.php(213): CodeIgniter\View\View->CodeIgniter\View\{closure}()
#3 D:\Xampp\htdocs\TugasAkhirPemweb\vendor\codeigniter4\framework\system\Common.php(1089): CodeIgniter\View\View->render('admin/V_EditSli...', Array, true)
#4 D:\Xampp\htdocs\TugasAkhirPemweb\app\Controllers\Admin\C_Slider.php(87): view('admin/V_EditSli...', Array)
#5 D:\Xampp\htdocs\TugasAkhirPemweb\vendor\codeigniter4\framework\system\CodeIgniter.php(832): App\Controllers\Admin\C_Slider->edit('1')
#6 D:\Xampp\htdocs\TugasAkhirPemweb\vendor\codeigniter4\framework\system\CodeIgniter.php(419): CodeIgniter\CodeIgniter->runController(Object(App\Controllers\Admin\C_Slider))
#7 D:\Xampp\htdocs\TugasAkhirPemweb\vendor\codeigniter4\framework\system\CodeIgniter.php(326): CodeIgniter\CodeIgniter->handleRequest(NULL, Object(Config\Cache), false)
#8 D:\Xampp\htdocs\TugasAkhirPemweb\public\index.php(37): CodeIgniter\CodeIgniter->run()
#9 D:\Xampp\htdocs\TugasAkhirPemweb\vendor\codeigniter4\framework\system\Commands\Server\rewrite.php(43): require_once('D:\\Xampp\\htdocs...')
#10 {main}
CRITICAL - 2022-06-07 10:13:50 --> Undefined array key "new_gambar"
#0 D:\Xampp\htdocs\TugasAkhirPemweb\app\Controllers\Admin\C_Slider.php(100): CodeIgniter\Debug\Exceptions->errorHandler(2, 'Undefined array...', 'D:\\Xampp\\htdocs...', 100)
#1 D:\Xampp\htdocs\TugasAkhirPemweb\vendor\codeigniter4\framework\system\CodeIgniter.php(832): App\Controllers\Admin\C_Slider->editProcess('1')
#2 D:\Xampp\htdocs\TugasAkhirPemweb\vendor\codeigniter4\framework\system\CodeIgniter.php(419): CodeIgniter\CodeIgniter->runController(Object(App\Controllers\Admin\C_Slider))
#3 D:\Xampp\htdocs\TugasAkhirPemweb\vendor\codeigniter4\framework\system\CodeIgniter.php(326): CodeIgniter\CodeIgniter->handleRequest(NULL, Object(Config\Cache), false)
#4 D:\Xampp\htdocs\TugasAkhirPemweb\public\index.php(37): CodeIgniter\CodeIgniter->run()
#5 D:\Xampp\htdocs\TugasAkhirPemweb\vendor\codeigniter4\framework\system\Commands\Server\rewrite.php(43): require_once('D:\\Xampp\\htdocs...')
#6 {main}
CRITICAL - 2022-06-07 10:14:42 --> Undefined array key "new_gambar"
#0 D:\Xampp\htdocs\TugasAkhirPemweb\app\Controllers\Admin\C_Slider.php(100): CodeIgniter\Debug\Exceptions->errorHandler(2, 'Undefined array...', 'D:\\Xampp\\htdocs...', 100)
#1 D:\Xampp\htdocs\TugasAkhirPemweb\vendor\codeigniter4\framework\system\CodeIgniter.php(832): App\Controllers\Admin\C_Slider->editProcess('1')
#2 D:\Xampp\htdocs\TugasAkhirPemweb\vendor\codeigniter4\framework\system\CodeIgniter.php(419): CodeIgniter\CodeIgniter->runController(Object(App\Controllers\Admin\C_Slider))
#3 D:\Xampp\htdocs\TugasAkhirPemweb\vendor\codeigniter4\framework\system\CodeIgniter.php(326): CodeIgniter\CodeIgniter->handleRequest(NULL, Object(Config\Cache), false)
#4 D:\Xampp\htdocs\TugasAkhirPemweb\public\index.php(37): CodeIgniter\CodeIgniter->run()
#5 D:\Xampp\htdocs\TugasAkhirPemweb\vendor\codeigniter4\framework\system\Commands\Server\rewrite.php(43): require_once('D:\\Xampp\\htdocs...')
#6 {main}
CRITICAL - 2022-06-07 10:53:08 --> Call to a member function move() on null
#0 D:\Xampp\htdocs\TugasAkhirPemweb\app\Controllers\Admin\C_Slider.php(114): App\Controllers\Admin\C_Slider->uploadImage('gambar')
#1 D:\Xampp\htdocs\TugasAkhirPemweb\vendor\codeigniter4\framework\system\CodeIgniter.php(832): App\Controllers\Admin\C_Slider->editProcess('1')
#2 D:\Xampp\htdocs\TugasAkhirPemweb\vendor\codeigniter4\framework\system\CodeIgniter.php(419): CodeIgniter\CodeIgniter->runController(Object(App\Controllers\Admin\C_Slider))
#3 D:\Xampp\htdocs\TugasAkhirPemweb\vendor\codeigniter4\framework\system\CodeIgniter.php(326): CodeIgniter\CodeIgniter->handleRequest(NULL, Object(Config\Cache), false)
#4 D:\Xampp\htdocs\TugasAkhirPemweb\public\index.php(37): CodeIgniter\CodeIgniter->run()
#5 D:\Xampp\htdocs\TugasAkhirPemweb\vendor\codeigniter4\framework\system\Commands\Server\rewrite.php(43): require_once('D:\\Xampp\\htdocs...')
#6 {main}
CRITICAL - 2022-06-07 10:53:18 --> You must set the database table to be used with your query.
#0 D:\Xampp\htdocs\TugasAkhirPemweb\vendor\codeigniter4\framework\system\Model.php(545): CodeIgniter\Database\BaseConnection->table(NULL)
#1 D:\Xampp\htdocs\TugasAkhirPemweb\vendor\codeigniter4\framework\system\Model.php(722): CodeIgniter\Model->builder()
#2 D:\Xampp\htdocs\TugasAkhirPemweb\app\Controllers\Admin\C_Slider.php(121): CodeIgniter\Model->__call('edit', Array)
#3 D:\Xampp\htdocs\TugasAkhirPemweb\vendor\codeigniter4\framework\system\CodeIgniter.php(832): App\Controllers\Admin\C_Slider->editProcess('1')
#4 D:\Xampp\htdocs\TugasAkhirPemweb\vendor\codeigniter4\framework\system\CodeIgniter.php(419): CodeIgniter\CodeIgniter->runController(Object(App\Controllers\Admin\C_Slider))
#5 D:\Xampp\htdocs\TugasAkhirPemweb\vendor\codeigniter4\framework\system\CodeIgniter.php(326): CodeIgniter\CodeIgniter->handleRequest(NULL, Object(Config\Cache), false)
#6 D:\Xampp\htdocs\TugasAkhirPemweb\public\index.php(37): CodeIgniter\CodeIgniter->run()
#7 D:\Xampp\htdocs\TugasAkhirPemweb\vendor\codeigniter4\framework\system\Commands\Server\rewrite.php(43): require_once('D:\\Xampp\\htdocs...')
#8 {main}
CRITICAL - 2022-06-07 10:55:53 --> You must set the database table to be used with your query.
#0 D:\Xampp\htdocs\TugasAkhirPemweb\vendor\codeigniter4\framework\system\Model.php(545): CodeIgniter\Database\BaseConnection->table(NULL)
#1 D:\Xampp\htdocs\TugasAkhirPemweb\vendor\codeigniter4\framework\system\Model.php(722): CodeIgniter\Model->builder()
#2 D:\Xampp\htdocs\TugasAkhirPemweb\app\Controllers\Admin\C_Slider.php(121): CodeIgniter\Model->__call('edit', Array)
#3 D:\Xampp\htdocs\TugasAkhirPemweb\vendor\codeigniter4\framework\system\CodeIgniter.php(832): App\Controllers\Admin\C_Slider->editProcess('1')
#4 D:\Xampp\htdocs\TugasAkhirPemweb\vendor\codeigniter4\framework\system\CodeIgniter.php(419): CodeIgniter\CodeIgniter->runController(Object(App\Controllers\Admin\C_Slider))
#5 D:\Xampp\htdocs\TugasAkhirPemweb\vendor\codeigniter4\framework\system\CodeIgniter.php(326): CodeIgniter\CodeIgniter->handleRequest(NULL, Object(Config\Cache), false)
#6 D:\Xampp\htdocs\TugasAkhirPemweb\public\index.php(37): CodeIgniter\CodeIgniter->run()
#7 D:\Xampp\htdocs\TugasAkhirPemweb\vendor\codeigniter4\framework\system\Commands\Server\rewrite.php(43): require_once('D:\\Xampp\\htdocs...')
#8 {main}
CRITICAL - 2022-06-07 11:19:30 --> You must set the database table to be used with your query.
#0 D:\Xampp\htdocs\TugasAkhirPemweb\vendor\codeigniter4\framework\system\Model.php(545): CodeIgniter\Database\BaseConnection->table(NULL)
#1 D:\Xampp\htdocs\TugasAkhirPemweb\vendor\codeigniter4\framework\system\Model.php(722): CodeIgniter\Model->builder()
#2 D:\Xampp\htdocs\TugasAkhirPemweb\app\Controllers\Admin\C_Slider.php(121): CodeIgniter\Model->__call('edit', Array)
#3 D:\Xampp\htdocs\TugasAkhirPemweb\vendor\codeigniter4\framework\system\CodeIgniter.php(832): App\Controllers\Admin\C_Slider->editProcess('4')
#4 D:\Xampp\htdocs\TugasAkhirPemweb\vendor\codeigniter4\framework\system\CodeIgniter.php(419): CodeIgniter\CodeIgniter->runController(Object(App\Controllers\Admin\C_Slider))
#5 D:\Xampp\htdocs\TugasAkhirPemweb\vendor\codeigniter4\framework\system\CodeIgniter.php(326): CodeIgniter\CodeIgniter->handleRequest(NULL, Object(Config\Cache), false)
#6 D:\Xampp\htdocs\TugasAkhirPemweb\public\index.php(37): CodeIgniter\CodeIgniter->run()
#7 D:\Xampp\htdocs\TugasAkhirPemweb\vendor\codeigniter4\framework\system\Commands\Server\rewrite.php(43): require_once('D:\\Xampp\\htdocs...')
#8 {main}
CRITICAL - 2022-06-07 11:22:00 --> You must set the database table to be used with your query.
#0 D:\Xampp\htdocs\TugasAkhirPemweb\vendor\codeigniter4\framework\system\Model.php(545): CodeIgniter\Database\BaseConnection->table(NULL)
#1 D:\Xampp\htdocs\TugasAkhirPemweb\vendor\codeigniter4\framework\system\Model.php(722): CodeIgniter\Model->builder()
#2 D:\Xampp\htdocs\TugasAkhirPemweb\app\Controllers\Admin\C_Slider.php(121): CodeIgniter\Model->__call('edit', Array)
#3 D:\Xampp\htdocs\TugasAkhirPemweb\vendor\codeigniter4\framework\system\CodeIgniter.php(832): App\Controllers\Admin\C_Slider->editProcess('4')
#4 D:\Xampp\htdocs\TugasAkhirPemweb\vendor\codeigniter4\framework\system\CodeIgniter.php(419): CodeIgniter\CodeIgniter->runController(Object(App\Controllers\Admin\C_Slider))
#5 D:\Xampp\htdocs\TugasAkhirPemweb\vendor\codeigniter4\framework\system\CodeIgniter.php(326): CodeIgniter\CodeIgniter->handleRequest(NULL, Object(Config\Cache), false)
#6 D:\Xampp\htdocs\TugasAkhirPemweb\public\index.php(37): CodeIgniter\CodeIgniter->run()
#7 D:\Xampp\htdocs\TugasAkhirPemweb\vendor\codeigniter4\framework\system\Commands\Server\rewrite.php(43): require_once('D:\\Xampp\\htdocs...')
#8 {main}
CRITICAL - 2022-06-07 11:22:51 --> You must set the database table to be used with your query.
#0 D:\Xampp\htdocs\TugasAkhirPemweb\vendor\codeigniter4\framework\system\Model.php(545): CodeIgniter\Database\BaseConnection->table(NULL)
#1 D:\Xampp\htdocs\TugasAkhirPemweb\vendor\codeigniter4\framework\system\Model.php(722): CodeIgniter\Model->builder()
#2 D:\Xampp\htdocs\TugasAkhirPemweb\app\Controllers\Admin\C_Slider.php(119): CodeIgniter\Model->__call('edit', Array)
#3 D:\Xampp\htdocs\TugasAkhirPemweb\vendor\codeigniter4\framework\system\CodeIgniter.php(832): App\Controllers\Admin\C_Slider->editProcess('4')
#4 D:\Xampp\htdocs\TugasAkhirPemweb\vendor\codeigniter4\framework\system\CodeIgniter.php(419): CodeIgniter\CodeIgniter->runController(Object(App\Controllers\Admin\C_Slider))
#5 D:\Xampp\htdocs\TugasAkhirPemweb\vendor\codeigniter4\framework\system\CodeIgniter.php(326): CodeIgniter\CodeIgniter->handleRequest(NULL, Object(Config\Cache), false)
#6 D:\Xampp\htdocs\TugasAkhirPemweb\public\index.php(37): CodeIgniter\CodeIgniter->run()
#7 D:\Xampp\htdocs\TugasAkhirPemweb\vendor\codeigniter4\framework\system\Commands\Server\rewrite.php(43): require_once('D:\\Xampp\\htdocs...')
#8 {main}
CRITICAL - 2022-06-07 11:23:17 --> You must set the database table to be used with your query.
#0 D:\Xampp\htdocs\TugasAkhirPemweb\vendor\codeigniter4\framework\system\Model.php(545): CodeIgniter\Database\BaseConnection->table(NULL)
#1 D:\Xampp\htdocs\TugasAkhirPemweb\vendor\codeigniter4\framework\system\Model.php(722): CodeIgniter\Model->builder()
#2 D:\Xampp\htdocs\TugasAkhirPemweb\app\Controllers\Admin\C_Slider.php(119): CodeIgniter\Model->__call('edit', Array)
#3 D:\Xampp\htdocs\TugasAkhirPemweb\vendor\codeigniter4\framework\system\CodeIgniter.php(832): App\Controllers\Admin\C_Slider->editProcess('4')
#4 D:\Xampp\htdocs\TugasAkhirPemweb\vendor\codeigniter4\framework\system\CodeIgniter.php(419): CodeIgniter\CodeIgniter->runController(Object(App\Controllers\Admin\C_Slider))
#5 D:\Xampp\htdocs\TugasAkhirPemweb\vendor\codeigniter4\framework\system\CodeIgniter.php(326): CodeIgniter\CodeIgniter->handleRequest(NULL, Object(Config\Cache), false)
#6 D:\Xampp\htdocs\TugasAkhirPemweb\public\index.php(37): CodeIgniter\CodeIgniter->run()
#7 D:\Xampp\htdocs\TugasAkhirPemweb\vendor\codeigniter4\framework\system\Commands\Server\rewrite.php(43): require_once('D:\\Xampp\\htdocs...')
#8 {main}
CRITICAL - 2022-06-07 11:25:27 --> CodeIgniter\Database\BaseBuilder::update(): Argument #1 ($set) must be of type ?array, string given, called in D:\Xampp\htdocs\TugasAkhirPemweb\app\Models\M_Slider.php on line 68
#0 D:\Xampp\htdocs\TugasAkhirPemweb\app\Models\M_Slider.php(68): CodeIgniter\Database\BaseBuilder->update('4', Array)
#1 D:\Xampp\htdocs\TugasAkhirPemweb\app\Controllers\Admin\C_Slider.php(119): App\Models\M_Slider->editSlider('4', 'awd2', 'awd2', 'uploads/logo_1....')
#2 D:\Xampp\htdocs\TugasAkhirPemweb\vendor\codeigniter4\framework\system\CodeIgniter.php(832): App\Controllers\Admin\C_Slider->editProcess('4')
#3 D:\Xampp\htdocs\TugasAkhirPemweb\vendor\codeigniter4\framework\system\CodeIgniter.php(419): CodeIgniter\CodeIgniter->runController(Object(App\Controllers\Admin\C_Slider))
#4 D:\Xampp\htdocs\TugasAkhirPemweb\vendor\codeigniter4\framework\system\CodeIgniter.php(326): CodeIgniter\CodeIgniter->handleRequest(NULL, Object(Config\Cache), false)
#5 D:\Xampp\htdocs\TugasAkhirPemweb\public\index.php(37): CodeIgniter\CodeIgniter->run()
#6 D:\Xampp\htdocs\TugasAkhirPemweb\vendor\codeigniter4\framework\system\Commands\Server\rewrite.php(43): require_once('D:\\Xampp\\htdocs...')
#7 {main}
