ERROR - 2022-06-20 01:00:37 --> Error connecting to the database: No connection could be made because the target machine actively refused it
CRITICAL - 2022-06-20 01:00:37 --> Unable to connect to the database.
Main connection [MySQLi]: No connection could be made because the target machine actively refused it
#0 C:\xampp\htdocs\Pemweb\TugasAkhirPemweb\vendor\codeigniter4\framework\system\Database\BaseConnection.php(577): CodeIgniter\Database\BaseConnection->initialize()
#1 C:\xampp\htdocs\Pemweb\TugasAkhirPemweb\vendor\codeigniter4\framework\system\Database\BaseBuilder.php(1455): CodeIgniter\Database\BaseConnection->query('SELECT *\nFROM `...', Array, false)
#2 C:\xampp\htdocs\Pemweb\TugasAkhirPemweb\app\Models\M_Feedback.php(19): CodeIgniter\Database\BaseBuilder->get()
#3 C:\xampp\htdocs\Pemweb\TugasAkhirPemweb\app\Controllers\Home.php(17): App\Models\M_Feedback->getAllFeedback()
#4 C:\xampp\htdocs\Pemweb\TugasAkhirPemweb\vendor\codeigniter4\framework\system\CodeIgniter.php(832): App\Controllers\Home->index()
#5 C:\xampp\htdocs\Pemweb\TugasAkhirPemweb\vendor\codeigniter4\framework\system\CodeIgniter.php(419): CodeIgniter\CodeIgniter->runController(Object(App\Controllers\Home))
#6 C:\xampp\htdocs\Pemweb\TugasAkhirPemweb\vendor\codeigniter4\framework\system\CodeIgniter.php(326): CodeIgniter\CodeIgniter->handleRequest(NULL, Object(Config\Cache), false)
#7 C:\xampp\htdocs\Pemweb\TugasAkhirPemweb\public\index.php(37): CodeIgniter\CodeIgniter->run()
#8 C:\xampp\htdocs\Pemweb\TugasAkhirPemweb\vendor\codeigniter4\framework\system\Commands\Server\rewrite.php(43): require_once('C:\\xampp\\htdocs...')
#9 {main}
CRITICAL - 2022-06-20 01:23:55 --> Undefined array key "Deskirpsi"
#0 C:\xampp\htdocs\Pemweb\TugasAkhirPemweb\app\Views\auth\homepage.php(89): CodeIgniter\Debug\Exceptions->errorHandler(2, 'Undefined array...', 'C:\\xampp\\htdocs...', 89)
#1 C:\xampp\htdocs\Pemweb\TugasAkhirPemweb\vendor\codeigniter4\framework\system\View\View.php(210): include('C:\\xampp\\htdocs...')
#2 C:\xampp\htdocs\Pemweb\TugasAkhirPemweb\vendor\codeigniter4\framework\system\View\View.php(213): CodeIgniter\View\View->CodeIgniter\View\{closure}()
#3 C:\xampp\htdocs\Pemweb\TugasAkhirPemweb\vendor\codeigniter4\framework\system\Common.php(1089): CodeIgniter\View\View->render('auth/homepage', Array, true)
#4 C:\xampp\htdocs\Pemweb\TugasAkhirPemweb\app\Controllers\Home.php(23): view('auth/homepage')
#5 C:\xampp\htdocs\Pemweb\TugasAkhirPemweb\vendor\codeigniter4\framework\system\CodeIgniter.php(832): App\Controllers\Home->index()
#6 C:\xampp\htdocs\Pemweb\TugasAkhirPemweb\vendor\codeigniter4\framework\system\CodeIgniter.php(419): CodeIgniter\CodeIgniter->runController(Object(App\Controllers\Home))
#7 C:\xampp\htdocs\Pemweb\TugasAkhirPemweb\vendor\codeigniter4\framework\system\CodeIgniter.php(326): CodeIgniter\CodeIgniter->handleRequest(NULL, Object(Config\Cache), false)
#8 C:\xampp\htdocs\Pemweb\TugasAkhirPemweb\public\index.php(37): CodeIgniter\CodeIgniter->run()
#9 C:\xampp\htdocs\Pemweb\TugasAkhirPemweb\vendor\codeigniter4\framework\system\Commands\Server\rewrite.php(43): require_once('C:\\xampp\\htdocs...')
#10 {main}
ERROR - 2022-06-20 09:01:15 --> Error connecting to the database: No connection could be made because the target machine actively refused it
CRITICAL - 2022-06-20 09:01:15 --> Unable to connect to the database.
Main connection [MySQLi]: No connection could be made because the target machine actively refused it
#0 C:\xampp\htdocs\Pemweb\TugasAkhirPemweb\vendor\codeigniter4\framework\system\Database\BaseConnection.php(577): CodeIgniter\Database\BaseConnection->initialize()
#1 C:\xampp\htdocs\Pemweb\TugasAkhirPemweb\vendor\codeigniter4\framework\system\Database\BaseBuilder.php(1455): CodeIgniter\Database\BaseConnection->query('SELECT *\nFROM `...', Array, false)
#2 C:\xampp\htdocs\Pemweb\TugasAkhirPemweb\app\Models\M_Feedback.php(19): CodeIgniter\Database\BaseBuilder->get()
#3 C:\xampp\htdocs\Pemweb\TugasAkhirPemweb\app\Controllers\Home.php(17): App\Models\M_Feedback->getAllFeedback()
#4 C:\xampp\htdocs\Pemweb\TugasAkhirPemweb\vendor\codeigniter4\framework\system\CodeIgniter.php(832): App\Controllers\Home->index()
#5 C:\xampp\htdocs\Pemweb\TugasAkhirPemweb\vendor\codeigniter4\framework\system\CodeIgniter.php(419): CodeIgniter\CodeIgniter->runController(Object(App\Controllers\Home))
#6 C:\xampp\htdocs\Pemweb\TugasAkhirPemweb\vendor\codeigniter4\framework\system\CodeIgniter.php(326): CodeIgniter\CodeIgniter->handleRequest(NULL, Object(Config\Cache), false)
#7 C:\xampp\htdocs\Pemweb\TugasAkhirPemweb\public\index.php(37): CodeIgniter\CodeIgniter->run()
#8 C:\xampp\htdocs\Pemweb\TugasAkhirPemweb\vendor\codeigniter4\framework\system\Commands\Server\rewrite.php(43): require_once('C:\\xampp\\htdocs...')
#9 {main}
CRITICAL - 2022-06-20 09:25:55 --> Undefined array key "rating"
#0 C:\xampp\htdocs\Pemweb\TugasAkhirPemweb\app\Views\auth\homepage.php(92): CodeIgniter\Debug\Exceptions->errorHandler(2, 'Undefined array...', 'C:\\xampp\\htdocs...', 92)
#1 C:\xampp\htdocs\Pemweb\TugasAkhirPemweb\vendor\codeigniter4\framework\system\View\View.php(210): include('C:\\xampp\\htdocs...')
#2 C:\xampp\htdocs\Pemweb\TugasAkhirPemweb\vendor\codeigniter4\framework\system\View\View.php(213): CodeIgniter\View\View->CodeIgniter\View\{closure}()
#3 C:\xampp\htdocs\Pemweb\TugasAkhirPemweb\vendor\codeigniter4\framework\system\Common.php(1089): CodeIgniter\View\View->render('auth/homepage', Array, true)
#4 C:\xampp\htdocs\Pemweb\TugasAkhirPemweb\app\Controllers\Home.php(23): view('auth/homepage')
#5 C:\xampp\htdocs\Pemweb\TugasAkhirPemweb\vendor\codeigniter4\framework\system\CodeIgniter.php(832): App\Controllers\Home->index()
#6 C:\xampp\htdocs\Pemweb\TugasAkhirPemweb\vendor\codeigniter4\framework\system\CodeIgniter.php(419): CodeIgniter\CodeIgniter->runController(Object(App\Controllers\Home))
#7 C:\xampp\htdocs\Pemweb\TugasAkhirPemweb\vendor\codeigniter4\framework\system\CodeIgniter.php(326): CodeIgniter\CodeIgniter->handleRequest(NULL, Object(Config\Cache), false)
#8 C:\xampp\htdocs\Pemweb\TugasAkhirPemweb\public\index.php(37): CodeIgniter\CodeIgniter->run()
#9 C:\xampp\htdocs\Pemweb\TugasAkhirPemweb\vendor\codeigniter4\framework\system\Commands\Server\rewrite.php(43): require_once('C:\\xampp\\htdocs...')
#10 {main}
CRITICAL - 2022-06-20 10:25:03 --> Invalid file: auth/V_ListFeedback.php
#0 C:\xampp\htdocs\Pemweb\TugasAkhirPemweb\vendor\codeigniter4\framework\system\View\View.php(198): CodeIgniter\Exceptions\FrameworkException::forInvalidFile('auth/V_ListFeed...')
#1 C:\xampp\htdocs\Pemweb\TugasAkhirPemweb\vendor\codeigniter4\framework\system\Common.php(1089): CodeIgniter\View\View->render('auth/V_ListFeed...', Array, true)
#2 C:\xampp\htdocs\Pemweb\TugasAkhirPemweb\app\Controllers\Admin\C_Feedback.php(28): view('auth/V_ListFeed...', Array)
#3 C:\xampp\htdocs\Pemweb\TugasAkhirPemweb\vendor\codeigniter4\framework\system\CodeIgniter.php(832): App\Controllers\Admin\C_Feedback->index()
#4 C:\xampp\htdocs\Pemweb\TugasAkhirPemweb\vendor\codeigniter4\framework\system\CodeIgniter.php(419): CodeIgniter\CodeIgniter->runController(Object(App\Controllers\Admin\C_Feedback))
#5 C:\xampp\htdocs\Pemweb\TugasAkhirPemweb\vendor\codeigniter4\framework\system\CodeIgniter.php(326): CodeIgniter\CodeIgniter->handleRequest(NULL, Object(Config\Cache), false)
#6 C:\xampp\htdocs\Pemweb\TugasAkhirPemweb\public\index.php(37): CodeIgniter\CodeIgniter->run()
#7 C:\xampp\htdocs\Pemweb\TugasAkhirPemweb\vendor\codeigniter4\framework\system\Commands\Server\rewrite.php(43): require_once('C:\\xampp\\htdocs...')
#8 {main}
CRITICAL - 2022-06-20 10:25:16 --> Invalid file: auth/V_ListFeedback.php
#0 C:\xampp\htdocs\Pemweb\TugasAkhirPemweb\vendor\codeigniter4\framework\system\View\View.php(198): CodeIgniter\Exceptions\FrameworkException::forInvalidFile('auth/V_ListFeed...')
#1 C:\xampp\htdocs\Pemweb\TugasAkhirPemweb\vendor\codeigniter4\framework\system\Common.php(1089): CodeIgniter\View\View->render('auth/V_ListFeed...', Array, true)
#2 C:\xampp\htdocs\Pemweb\TugasAkhirPemweb\app\Controllers\Admin\C_Feedback.php(28): view('auth/V_ListFeed...', Array)
#3 C:\xampp\htdocs\Pemweb\TugasAkhirPemweb\vendor\codeigniter4\framework\system\CodeIgniter.php(832): App\Controllers\Admin\C_Feedback->index()
#4 C:\xampp\htdocs\Pemweb\TugasAkhirPemweb\vendor\codeigniter4\framework\system\CodeIgniter.php(419): CodeIgniter\CodeIgniter->runController(Object(App\Controllers\Admin\C_Feedback))
#5 C:\xampp\htdocs\Pemweb\TugasAkhirPemweb\vendor\codeigniter4\framework\system\CodeIgniter.php(326): CodeIgniter\CodeIgniter->handleRequest(NULL, Object(Config\Cache), false)
#6 C:\xampp\htdocs\Pemweb\TugasAkhirPemweb\public\index.php(37): CodeIgniter\CodeIgniter->run()
#7 C:\xampp\htdocs\Pemweb\TugasAkhirPemweb\vendor\codeigniter4\framework\system\Commands\Server\rewrite.php(43): require_once('C:\\xampp\\htdocs...')
#8 {main}
CRITICAL - 2022-06-20 10:41:39 --> Invalid file: admin/V_AddFeedback.php
#0 C:\xampp\htdocs\Pemweb\TugasAkhirPemweb\vendor\codeigniter4\framework\system\View\View.php(198): CodeIgniter\Exceptions\FrameworkException::forInvalidFile('admin/V_AddFeed...')
#1 C:\xampp\htdocs\Pemweb\TugasAkhirPemweb\vendor\codeigniter4\framework\system\Common.php(1089): CodeIgniter\View\View->render('admin/V_AddFeed...', Array, true)
#2 C:\xampp\htdocs\Pemweb\TugasAkhirPemweb\app\Controllers\C_AddFeedback.php(27): view('admin/V_AddFeed...', Array)
#3 C:\xampp\htdocs\Pemweb\TugasAkhirPemweb\vendor\codeigniter4\framework\system\CodeIgniter.php(832): App\Controllers\C_AddFeedback->index()
#4 C:\xampp\htdocs\Pemweb\TugasAkhirPemweb\vendor\codeigniter4\framework\system\CodeIgniter.php(419): CodeIgniter\CodeIgniter->runController(Object(App\Controllers\C_AddFeedback))
#5 C:\xampp\htdocs\Pemweb\TugasAkhirPemweb\vendor\codeigniter4\framework\system\CodeIgniter.php(326): CodeIgniter\CodeIgniter->handleRequest(NULL, Object(Config\Cache), false)
#6 C:\xampp\htdocs\Pemweb\TugasAkhirPemweb\public\index.php(37): CodeIgniter\CodeIgniter->run()
#7 C:\xampp\htdocs\Pemweb\TugasAkhirPemweb\vendor\codeigniter4\framework\system\Commands\Server\rewrite.php(43): require_once('C:\\xampp\\htdocs...')
#8 {main}
