<<<<<<< HEAD
ERROR - 2022-06-05 00:59:27 --> Error connecting to the database: Access denied for user '****'@'localhost' (using password: YES)
CRITICAL - 2022-06-05 00:59:27 --> Unable to connect to the database.
Main connection [MySQLi]: Access denied for user '****'@'localhost' (using password: YES)
#0 C:\xampp\htdocs\Pemweb\TugasAkhirPemweb\vendor\codeigniter4\framework\system\Database\BaseConnection.php(577): CodeIgniter\Database\BaseConnection->initialize()
#1 C:\xampp\htdocs\Pemweb\TugasAkhirPemweb\app\Models\M_Webinar.php(13): CodeIgniter\Database\BaseConnection->query('SELECT * FROM w...')
#2 C:\xampp\htdocs\Pemweb\TugasAkhirPemweb\app\Controllers\C_Webinar.php(13): App\Models\M_Webinar->getAllWebinar()
#3 C:\xampp\htdocs\Pemweb\TugasAkhirPemweb\vendor\codeigniter4\framework\system\CodeIgniter.php(832): App\Controllers\C_Webinar->index()
#4 C:\xampp\htdocs\Pemweb\TugasAkhirPemweb\vendor\codeigniter4\framework\system\CodeIgniter.php(419): CodeIgniter\CodeIgniter->runController(Object(App\Controllers\C_Webinar))
#5 C:\xampp\htdocs\Pemweb\TugasAkhirPemweb\vendor\codeigniter4\framework\system\CodeIgniter.php(326): CodeIgniter\CodeIgniter->handleRequest(NULL, Object(Config\Cache), false)
#6 C:\xampp\htdocs\Pemweb\TugasAkhirPemweb\public\index.php(37): CodeIgniter\CodeIgniter->run()
#7 C:\xampp\htdocs\Pemweb\TugasAkhirPemweb\vendor\codeigniter4\framework\system\Commands\Server\rewrite.php(43): require_once('C:\\xampp\\htdocs...')
#8 {main}
ERROR - 2022-06-05 01:14:57 --> Error connecting to the database: Access denied for user '****'@'localhost' (using password: YES)
CRITICAL - 2022-06-05 01:14:57 --> Unable to connect to the database.
Main connection [MySQLi]: Access denied for user '****'@'localhost' (using password: YES)
#0 C:\xampp\htdocs\Pemweb\TugasAkhirPemweb\vendor\codeigniter4\framework\system\Database\BaseConnection.php(577): CodeIgniter\Database\BaseConnection->initialize()
#1 C:\xampp\htdocs\Pemweb\TugasAkhirPemweb\app\Models\M_Webinar.php(13): CodeIgniter\Database\BaseConnection->query('SELECT * FROM w...')
#2 C:\xampp\htdocs\Pemweb\TugasAkhirPemweb\app\Controllers\C_Webinar.php(13): App\Models\M_Webinar->getAllWebinar()
#3 C:\xampp\htdocs\Pemweb\TugasAkhirPemweb\vendor\codeigniter4\framework\system\CodeIgniter.php(832): App\Controllers\C_Webinar->index()
#4 C:\xampp\htdocs\Pemweb\TugasAkhirPemweb\vendor\codeigniter4\framework\system\CodeIgniter.php(419): CodeIgniter\CodeIgniter->runController(Object(App\Controllers\C_Webinar))
#5 C:\xampp\htdocs\Pemweb\TugasAkhirPemweb\vendor\codeigniter4\framework\system\CodeIgniter.php(326): CodeIgniter\CodeIgniter->handleRequest(NULL, Object(Config\Cache), false)
#6 C:\xampp\htdocs\Pemweb\TugasAkhirPemweb\public\index.php(37): CodeIgniter\CodeIgniter->run()
#7 C:\xampp\htdocs\Pemweb\TugasAkhirPemweb\vendor\codeigniter4\framework\system\Commands\Server\rewrite.php(43): require_once('C:\\xampp\\htdocs...')
=======
CRITICAL - 2022-06-05 00:27:42 --> Unclosed '{' on line 39
#0 C:\xampp\htdocs\TugasAkhir\TugasAkhirPemweb\vendor\codeigniter4\framework\system\View\View.php(213): CodeIgniter\View\View->CodeIgniter\View\{closure}()
#1 C:\xampp\htdocs\TugasAkhir\TugasAkhirPemweb\vendor\codeigniter4\framework\system\Common.php(1089): CodeIgniter\View\View->render('V_EditProduk', Array, true)
#2 C:\xampp\htdocs\TugasAkhir\TugasAkhirPemweb\app\Controllers\C_EditProduk.php(12): view('V_EditProduk')
#3 C:\xampp\htdocs\TugasAkhir\TugasAkhirPemweb\vendor\codeigniter4\framework\system\CodeIgniter.php(832): App\Controllers\C_EditProduk->index()
#4 C:\xampp\htdocs\TugasAkhir\TugasAkhirPemweb\vendor\codeigniter4\framework\system\CodeIgniter.php(419): CodeIgniter\CodeIgniter->runController(Object(App\Controllers\C_EditProduk))
#5 C:\xampp\htdocs\TugasAkhir\TugasAkhirPemweb\vendor\codeigniter4\framework\system\CodeIgniter.php(326): CodeIgniter\CodeIgniter->handleRequest(NULL, Object(Config\Cache), false)
#6 C:\xampp\htdocs\TugasAkhir\TugasAkhirPemweb\public\index.php(37): CodeIgniter\CodeIgniter->run()
#7 C:\xampp\htdocs\TugasAkhir\TugasAkhirPemweb\vendor\codeigniter4\framework\system\Commands\Server\rewrite.php(43): require_once('C:\\xampp\\htdocs...')
>>>>>>> 10df331a8a9d4be0be018e662907ac2ad86160e6
#8 {main}
