ERROR - 2022-06-04 23:42:28 --> Error connecting to the database: Access denied for user '****'@'localhost' (using password: YES)
CRITICAL - 2022-06-04 23:42:28 --> Unable to connect to the database.
Main connection [MySQLi]: Access denied for user '****'@'localhost' (using password: YES)
#0 C:\xampp\htdocs\TugasAkhir\TugasAkhirPemweb\vendor\codeigniter4\framework\system\Database\BaseConnection.php(577): CodeIgniter\Database\BaseConnection->initialize()
#1 C:\xampp\htdocs\TugasAkhir\TugasAkhirPemweb\app\Models\M_DetailWebinar.php(13): CodeIgniter\Database\BaseConnection->query('SELECT * FROM w...')
#2 C:\xampp\htdocs\TugasAkhir\TugasAkhirPemweb\app\Controllers\C_DetailWebinar.php(13): App\Models\M_DetailWebinar->getAllWebinar()
#3 C:\xampp\htdocs\TugasAkhir\TugasAkhirPemweb\vendor\codeigniter4\framework\system\CodeIgniter.php(832): App\Controllers\C_DetailWebinar->index()
#4 C:\xampp\htdocs\TugasAkhir\TugasAkhirPemweb\vendor\codeigniter4\framework\system\CodeIgniter.php(419): CodeIgniter\CodeIgniter->runController(Object(App\Controllers\C_DetailWebinar))
#5 C:\xampp\htdocs\TugasAkhir\TugasAkhirPemweb\vendor\codeigniter4\framework\system\CodeIgniter.php(326): CodeIgniter\CodeIgniter->handleRequest(NULL, Object(Config\Cache), false)
#6 C:\xampp\htdocs\TugasAkhir\TugasAkhirPemweb\public\index.php(37): CodeIgniter\CodeIgniter->run()
#7 C:\xampp\htdocs\TugasAkhir\TugasAkhirPemweb\vendor\codeigniter4\framework\system\Commands\Server\rewrite.php(43): require_once('C:\\xampp\\htdocs...')
#8 {main}
ERROR - 2022-06-04 23:42:44 --> Error connecting to the database: Access denied for user '****'@'localhost' (using password: YES)
CRITICAL - 2022-06-04 23:42:44 --> Unable to connect to the database.
Main connection [MySQLi]: Access denied for user '****'@'localhost' (using password: YES)
#0 C:\xampp\htdocs\TugasAkhir\TugasAkhirPemweb\vendor\codeigniter4\framework\system\Database\BaseConnection.php(577): CodeIgniter\Database\BaseConnection->initialize()
#1 C:\xampp\htdocs\TugasAkhir\TugasAkhirPemweb\app\Models\M_DetailWebinar.php(13): CodeIgniter\Database\BaseConnection->query('SELECT * FROM w...')
#2 C:\xampp\htdocs\TugasAkhir\TugasAkhirPemweb\app\Controllers\C_DetailWebinar.php(13): App\Models\M_DetailWebinar->getAllWebinar()
#3 C:\xampp\htdocs\TugasAkhir\TugasAkhirPemweb\vendor\codeigniter4\framework\system\CodeIgniter.php(832): App\Controllers\C_DetailWebinar->index()
#4 C:\xampp\htdocs\TugasAkhir\TugasAkhirPemweb\vendor\codeigniter4\framework\system\CodeIgniter.php(419): CodeIgniter\CodeIgniter->runController(Object(App\Controllers\C_DetailWebinar))
#5 C:\xampp\htdocs\TugasAkhir\TugasAkhirPemweb\vendor\codeigniter4\framework\system\CodeIgniter.php(326): CodeIgniter\CodeIgniter->handleRequest(NULL, Object(Config\Cache), false)
#6 C:\xampp\htdocs\TugasAkhir\TugasAkhirPemweb\public\index.php(37): CodeIgniter\CodeIgniter->run()
#7 C:\xampp\htdocs\TugasAkhir\TugasAkhirPemweb\vendor\codeigniter4\framework\system\Commands\Server\rewrite.php(43): require_once('C:\\xampp\\htdocs...')
#8 {main}
ERROR - 2022-06-04 23:46:35 --> Error connecting to the database: Access denied for user '****'@'localhost' (using password: YES)
CRITICAL - 2022-06-04 23:46:35 --> Unable to connect to the database.
Main connection [MySQLi]: Access denied for user '****'@'localhost' (using password: YES)
#0 C:\xampp\htdocs\TugasAkhir\TugasAkhirPemweb\vendor\codeigniter4\framework\system\Database\BaseConnection.php(577): CodeIgniter\Database\BaseConnection->initialize()
#1 C:\xampp\htdocs\TugasAkhir\TugasAkhirPemweb\app\Models\M_DetailWebinar.php(13): CodeIgniter\Database\BaseConnection->query('SELECT * FROM w...')
#2 C:\xampp\htdocs\TugasAkhir\TugasAkhirPemweb\app\Controllers\C_DetailWebinar.php(13): App\Models\M_DetailWebinar->getAllWebinar()
#3 C:\xampp\htdocs\TugasAkhir\TugasAkhirPemweb\vendor\codeigniter4\framework\system\CodeIgniter.php(832): App\Controllers\C_DetailWebinar->index()
#4 C:\xampp\htdocs\TugasAkhir\TugasAkhirPemweb\vendor\codeigniter4\framework\system\CodeIgniter.php(419): CodeIgniter\CodeIgniter->runController(Object(App\Controllers\C_DetailWebinar))
#5 C:\xampp\htdocs\TugasAkhir\TugasAkhirPemweb\vendor\codeigniter4\framework\system\CodeIgniter.php(326): CodeIgniter\CodeIgniter->handleRequest(NULL, Object(Config\Cache), false)
#6 C:\xampp\htdocs\TugasAkhir\TugasAkhirPemweb\public\index.php(37): CodeIgniter\CodeIgniter->run()
#7 C:\xampp\htdocs\TugasAkhir\TugasAkhirPemweb\vendor\codeigniter4\framework\system\Commands\Server\rewrite.php(43): require_once('C:\\xampp\\htdocs...')
#8 {main}
ERROR - 2022-06-04 23:47:27 --> Error connecting to the database: Access denied for user '****'@'localhost' (using password: YES)
CRITICAL - 2022-06-04 23:47:27 --> Unable to connect to the database.
Main connection [MySQLi]: Access denied for user '****'@'localhost' (using password: YES)
#0 C:\xampp\htdocs\TugasAkhir\TugasAkhirPemweb\vendor\codeigniter4\framework\system\Database\BaseConnection.php(577): CodeIgniter\Database\BaseConnection->initialize()
#1 C:\xampp\htdocs\TugasAkhir\TugasAkhirPemweb\app\Models\M_Webinar.php(13): CodeIgniter\Database\BaseConnection->query('SELECT * FROM w...')
#2 C:\xampp\htdocs\TugasAkhir\TugasAkhirPemweb\app\Controllers\C_Webinar.php(13): App\Models\M_Webinar->getAllWebinar()
#3 C:\xampp\htdocs\TugasAkhir\TugasAkhirPemweb\vendor\codeigniter4\framework\system\CodeIgniter.php(832): App\Controllers\C_Webinar->index()
#4 C:\xampp\htdocs\TugasAkhir\TugasAkhirPemweb\vendor\codeigniter4\framework\system\CodeIgniter.php(419): CodeIgniter\CodeIgniter->runController(Object(App\Controllers\C_Webinar))
#5 C:\xampp\htdocs\TugasAkhir\TugasAkhirPemweb\vendor\codeigniter4\framework\system\CodeIgniter.php(326): CodeIgniter\CodeIgniter->handleRequest(NULL, Object(Config\Cache), false)
#6 C:\xampp\htdocs\TugasAkhir\TugasAkhirPemweb\public\index.php(37): CodeIgniter\CodeIgniter->run()
#7 C:\xampp\htdocs\TugasAkhir\TugasAkhirPemweb\vendor\codeigniter4\framework\system\Commands\Server\rewrite.php(43): require_once('C:\\xampp\\htdocs...')
#8 {main}
ERROR - 2022-06-04 23:47:42 --> Error connecting to the database: Access denied for user '****'@'localhost' (using password: YES)
CRITICAL - 2022-06-04 23:47:42 --> Unable to connect to the database.
Main connection [MySQLi]: Access denied for user '****'@'localhost' (using password: YES)
#0 C:\xampp\htdocs\TugasAkhir\TugasAkhirPemweb\vendor\codeigniter4\framework\system\Database\BaseConnection.php(577): CodeIgniter\Database\BaseConnection->initialize()
#1 C:\xampp\htdocs\TugasAkhir\TugasAkhirPemweb\app\Models\M_Webinar.php(13): CodeIgniter\Database\BaseConnection->query('SELECT * FROM w...')
#2 C:\xampp\htdocs\TugasAkhir\TugasAkhirPemweb\app\Controllers\C_Webinar.php(13): App\Models\M_Webinar->getAllWebinar()
#3 C:\xampp\htdocs\TugasAkhir\TugasAkhirPemweb\vendor\codeigniter4\framework\system\CodeIgniter.php(832): App\Controllers\C_Webinar->index()
#4 C:\xampp\htdocs\TugasAkhir\TugasAkhirPemweb\vendor\codeigniter4\framework\system\CodeIgniter.php(419): CodeIgniter\CodeIgniter->runController(Object(App\Controllers\C_Webinar))
#5 C:\xampp\htdocs\TugasAkhir\TugasAkhirPemweb\vendor\codeigniter4\framework\system\CodeIgniter.php(326): CodeIgniter\CodeIgniter->handleRequest(NULL, Object(Config\Cache), false)
#6 C:\xampp\htdocs\TugasAkhir\TugasAkhirPemweb\public\index.php(37): CodeIgniter\CodeIgniter->run()
#7 C:\xampp\htdocs\TugasAkhir\TugasAkhirPemweb\vendor\codeigniter4\framework\system\Commands\Server\rewrite.php(43): require_once('C:\\xampp\\htdocs...')
#8 {main}
CRITICAL - 2022-06-04 23:55:54 --> Cannot declare class App\Controllers\C_ProdukMitra, because the name is already in use
#0 [internal function]: CodeIgniter\Debug\Exceptions->shutdownHandler()
#1 {main}
