ERROR - 2022-05-29 08:53:37 --> Error connecting to the database: Access denied for user '****'@'localhost' (using password: NO)
CRITICAL - 2022-05-29 08:53:37 --> Unable to connect to the database.
Main connection [MySQLi]: Access denied for user '****'@'localhost' (using password: NO)
#0 D:\Xampp\htdocs\TugasAkhirPemweb\vendor\codeigniter4\framework\system\Database\BaseConnection.php(577): CodeIgniter\Database\BaseConnection->initialize()
#1 D:\Xampp\htdocs\TugasAkhirPemweb\app\Models\M_User.php(17): CodeIgniter\Database\BaseConnection->query('SELECT * FROM u...')
#2 D:\Xampp\htdocs\TugasAkhirPemweb\app\Controllers\C_Login.php(13): App\Models\M_User->getAllUser()
#3 D:\Xampp\htdocs\TugasAkhirPemweb\vendor\codeigniter4\framework\system\CodeIgniter.php(832): App\Controllers\C_Login->index()
#4 D:\Xampp\htdocs\TugasAkhirPemweb\vendor\codeigniter4\framework\system\CodeIgniter.php(419): CodeIgniter\CodeIgniter->runController(Object(App\Controllers\C_Login))
#5 D:\Xampp\htdocs\TugasAkhirPemweb\vendor\codeigniter4\framework\system\CodeIgniter.php(326): CodeIgniter\CodeIgniter->handleRequest(NULL, Object(Config\Cache), false)
#6 D:\Xampp\htdocs\TugasAkhirPemweb\public\index.php(37): CodeIgniter\CodeIgniter->run()
#7 D:\Xampp\htdocs\TugasAkhirPemweb\vendor\codeigniter4\framework\system\Commands\Server\rewrite.php(43): require_once('D:\\Xampp\\htdocs...')
#8 {main}
ERROR - 2022-05-29 08:54:14 --> Error connecting to the database: Access denied for user '****'@'localhost' (using password: NO)
CRITICAL - 2022-05-29 08:54:14 --> Unable to connect to the database.
Main connection [MySQLi]: Access denied for user '****'@'localhost' (using password: NO)
#0 D:\Xampp\htdocs\TugasAkhirPemweb\vendor\codeigniter4\framework\system\Database\BaseConnection.php(577): CodeIgniter\Database\BaseConnection->initialize()
#1 D:\Xampp\htdocs\TugasAkhirPemweb\app\Models\M_User.php(17): CodeIgniter\Database\BaseConnection->query('SELECT * FROM u...')
#2 D:\Xampp\htdocs\TugasAkhirPemweb\app\Controllers\C_Login.php(13): App\Models\M_User->getAllUser()
#3 D:\Xampp\htdocs\TugasAkhirPemweb\vendor\codeigniter4\framework\system\CodeIgniter.php(832): App\Controllers\C_Login->index()
#4 D:\Xampp\htdocs\TugasAkhirPemweb\vendor\codeigniter4\framework\system\CodeIgniter.php(419): CodeIgniter\CodeIgniter->runController(Object(App\Controllers\C_Login))
#5 D:\Xampp\htdocs\TugasAkhirPemweb\vendor\codeigniter4\framework\system\CodeIgniter.php(326): CodeIgniter\CodeIgniter->handleRequest(NULL, Object(Config\Cache), false)
#6 D:\Xampp\htdocs\TugasAkhirPemweb\public\index.php(37): CodeIgniter\CodeIgniter->run()
#7 D:\Xampp\htdocs\TugasAkhirPemweb\vendor\codeigniter4\framework\system\Commands\Server\rewrite.php(43): require_once('D:\\Xampp\\htdocs...')
#8 {main}
ERROR - 2022-05-29 08:54:45 --> Error connecting to the database: Access denied for user '****'@'localhost' (using password: NO)
CRITICAL - 2022-05-29 08:54:45 --> Unable to connect to the database.
Main connection [MySQLi]: Access denied for user '****'@'localhost' (using password: NO)
#0 D:\Xampp\htdocs\TugasAkhirPemweb\vendor\codeigniter4\framework\system\Database\BaseConnection.php(577): CodeIgniter\Database\BaseConnection->initialize()
#1 D:\Xampp\htdocs\TugasAkhirPemweb\app\Models\M_User.php(17): CodeIgniter\Database\BaseConnection->query('SELECT * FROM u...')
#2 D:\Xampp\htdocs\TugasAkhirPemweb\app\Controllers\C_Login.php(13): App\Models\M_User->getAllUser()
#3 D:\Xampp\htdocs\TugasAkhirPemweb\vendor\codeigniter4\framework\system\CodeIgniter.php(832): App\Controllers\C_Login->index()
#4 D:\Xampp\htdocs\TugasAkhirPemweb\vendor\codeigniter4\framework\system\CodeIgniter.php(419): CodeIgniter\CodeIgniter->runController(Object(App\Controllers\C_Login))
#5 D:\Xampp\htdocs\TugasAkhirPemweb\vendor\codeigniter4\framework\system\CodeIgniter.php(326): CodeIgniter\CodeIgniter->handleRequest(NULL, Object(Config\Cache), false)
#6 D:\Xampp\htdocs\TugasAkhirPemweb\public\index.php(37): CodeIgniter\CodeIgniter->run()
#7 D:\Xampp\htdocs\TugasAkhirPemweb\vendor\codeigniter4\framework\system\Commands\Server\rewrite.php(43): require_once('D:\\Xampp\\htdocs...')
#8 {main}
ERROR - 2022-05-29 08:54:46 --> Error connecting to the database: Access denied for user '****'@'localhost' (using password: NO)
CRITICAL - 2022-05-29 08:54:46 --> Unable to connect to the database.
Main connection [MySQLi]: Access denied for user '****'@'localhost' (using password: NO)
#0 D:\Xampp\htdocs\TugasAkhirPemweb\vendor\codeigniter4\framework\system\Database\BaseConnection.php(577): CodeIgniter\Database\BaseConnection->initialize()
#1 D:\Xampp\htdocs\TugasAkhirPemweb\app\Models\M_User.php(17): CodeIgniter\Database\BaseConnection->query('SELECT * FROM u...')
#2 D:\Xampp\htdocs\TugasAkhirPemweb\app\Controllers\C_Login.php(13): App\Models\M_User->getAllUser()
#3 D:\Xampp\htdocs\TugasAkhirPemweb\vendor\codeigniter4\framework\system\CodeIgniter.php(832): App\Controllers\C_Login->index()
#4 D:\Xampp\htdocs\TugasAkhirPemweb\vendor\codeigniter4\framework\system\CodeIgniter.php(419): CodeIgniter\CodeIgniter->runController(Object(App\Controllers\C_Login))
#5 D:\Xampp\htdocs\TugasAkhirPemweb\vendor\codeigniter4\framework\system\CodeIgniter.php(326): CodeIgniter\CodeIgniter->handleRequest(NULL, Object(Config\Cache), false)
#6 D:\Xampp\htdocs\TugasAkhirPemweb\public\index.php(37): CodeIgniter\CodeIgniter->run()
#7 D:\Xampp\htdocs\TugasAkhirPemweb\vendor\codeigniter4\framework\system\Commands\Server\rewrite.php(43): require_once('D:\\Xampp\\htdocs...')
#8 {main}
ERROR - 2022-05-29 08:54:46 --> Error connecting to the database: Access denied for user '****'@'localhost' (using password: NO)
CRITICAL - 2022-05-29 08:54:46 --> Unable to connect to the database.
Main connection [MySQLi]: Access denied for user '****'@'localhost' (using password: NO)
#0 D:\Xampp\htdocs\TugasAkhirPemweb\vendor\codeigniter4\framework\system\Database\BaseConnection.php(577): CodeIgniter\Database\BaseConnection->initialize()
#1 D:\Xampp\htdocs\TugasAkhirPemweb\app\Models\M_User.php(17): CodeIgniter\Database\BaseConnection->query('SELECT * FROM u...')
#2 D:\Xampp\htdocs\TugasAkhirPemweb\app\Controllers\C_Login.php(13): App\Models\M_User->getAllUser()
#3 D:\Xampp\htdocs\TugasAkhirPemweb\vendor\codeigniter4\framework\system\CodeIgniter.php(832): App\Controllers\C_Login->index()
#4 D:\Xampp\htdocs\TugasAkhirPemweb\vendor\codeigniter4\framework\system\CodeIgniter.php(419): CodeIgniter\CodeIgniter->runController(Object(App\Controllers\C_Login))
#5 D:\Xampp\htdocs\TugasAkhirPemweb\vendor\codeigniter4\framework\system\CodeIgniter.php(326): CodeIgniter\CodeIgniter->handleRequest(NULL, Object(Config\Cache), false)
#6 D:\Xampp\htdocs\TugasAkhirPemweb\public\index.php(37): CodeIgniter\CodeIgniter->run()
#7 D:\Xampp\htdocs\TugasAkhirPemweb\vendor\codeigniter4\framework\system\Commands\Server\rewrite.php(43): require_once('D:\\Xampp\\htdocs...')
#8 {main}
ERROR - 2022-05-29 08:54:46 --> Error connecting to the database: Access denied for user '****'@'localhost' (using password: NO)
CRITICAL - 2022-05-29 08:54:46 --> Unable to connect to the database.
Main connection [MySQLi]: Access denied for user '****'@'localhost' (using password: NO)
#0 D:\Xampp\htdocs\TugasAkhirPemweb\vendor\codeigniter4\framework\system\Database\BaseConnection.php(577): CodeIgniter\Database\BaseConnection->initialize()
#1 D:\Xampp\htdocs\TugasAkhirPemweb\app\Models\M_User.php(17): CodeIgniter\Database\BaseConnection->query('SELECT * FROM u...')
#2 D:\Xampp\htdocs\TugasAkhirPemweb\app\Controllers\C_Login.php(13): App\Models\M_User->getAllUser()
#3 D:\Xampp\htdocs\TugasAkhirPemweb\vendor\codeigniter4\framework\system\CodeIgniter.php(832): App\Controllers\C_Login->index()
#4 D:\Xampp\htdocs\TugasAkhirPemweb\vendor\codeigniter4\framework\system\CodeIgniter.php(419): CodeIgniter\CodeIgniter->runController(Object(App\Controllers\C_Login))
#5 D:\Xampp\htdocs\TugasAkhirPemweb\vendor\codeigniter4\framework\system\CodeIgniter.php(326): CodeIgniter\CodeIgniter->handleRequest(NULL, Object(Config\Cache), false)
#6 D:\Xampp\htdocs\TugasAkhirPemweb\public\index.php(37): CodeIgniter\CodeIgniter->run()
#7 D:\Xampp\htdocs\TugasAkhirPemweb\vendor\codeigniter4\framework\system\Commands\Server\rewrite.php(43): require_once('D:\\Xampp\\htdocs...')
#8 {main}
ERROR - 2022-05-29 08:56:11 --> Error connecting to the database: Access denied for user '****'@'localhost' (using password: NO)
CRITICAL - 2022-05-29 08:56:11 --> Unable to connect to the database.
Main connection [MySQLi]: Access denied for user '****'@'localhost' (using password: NO)
#0 D:\Xampp\htdocs\TugasAkhirPemweb\vendor\codeigniter4\framework\system\Database\BaseConnection.php(577): CodeIgniter\Database\BaseConnection->initialize()
#1 D:\Xampp\htdocs\TugasAkhirPemweb\app\Models\M_User.php(17): CodeIgniter\Database\BaseConnection->query('SELECT * FROM u...')
#2 D:\Xampp\htdocs\TugasAkhirPemweb\app\Controllers\C_Login.php(13): App\Models\M_User->getAllUser()
#3 D:\Xampp\htdocs\TugasAkhirPemweb\vendor\codeigniter4\framework\system\CodeIgniter.php(832): App\Controllers\C_Login->index()
#4 D:\Xampp\htdocs\TugasAkhirPemweb\vendor\codeigniter4\framework\system\CodeIgniter.php(419): CodeIgniter\CodeIgniter->runController(Object(App\Controllers\C_Login))
#5 D:\Xampp\htdocs\TugasAkhirPemweb\vendor\codeigniter4\framework\system\CodeIgniter.php(326): CodeIgniter\CodeIgniter->handleRequest(NULL, Object(Config\Cache), false)
#6 D:\Xampp\htdocs\TugasAkhirPemweb\public\index.php(37): CodeIgniter\CodeIgniter->run()
#7 D:\Xampp\htdocs\TugasAkhirPemweb\vendor\codeigniter4\framework\system\Commands\Server\rewrite.php(43): require_once('D:\\Xampp\\htdocs...')
#8 {main}
CRITICAL - 2022-05-29 09:01:03 --> Call to undefined method CodeIgniter\Database\MySQLi\Result::result()
#0 D:\Xampp\htdocs\TugasAkhirPemweb\app\Controllers\C_Login.php(13): App\Models\M_User->getAllUser()
#1 D:\Xampp\htdocs\TugasAkhirPemweb\vendor\codeigniter4\framework\system\CodeIgniter.php(832): App\Controllers\C_Login->index()
#2 D:\Xampp\htdocs\TugasAkhirPemweb\vendor\codeigniter4\framework\system\CodeIgniter.php(419): CodeIgniter\CodeIgniter->runController(Object(App\Controllers\C_Login))
#3 D:\Xampp\htdocs\TugasAkhirPemweb\vendor\codeigniter4\framework\system\CodeIgniter.php(326): CodeIgniter\CodeIgniter->handleRequest(NULL, Object(Config\Cache), false)
#4 D:\Xampp\htdocs\TugasAkhirPemweb\public\index.php(37): CodeIgniter\CodeIgniter->run()
#5 D:\Xampp\htdocs\TugasAkhirPemweb\vendor\codeigniter4\framework\system\Commands\Server\rewrite.php(43): require_once('D:\\Xampp\\htdocs...')
#6 {main}
