ERROR - 2022-06-02 23:24:40 --> Error connecting to the database: No connection could be made because the target machine actively refused it
CRITICAL - 2022-06-02 23:24:40 --> Unable to connect to the database.
Main connection [MySQLi]: No connection could be made because the target machine actively refused it
#0 C:\xampp\htdocs\TugasAkhirPemweb\TugasAkhirPemweb\vendor\codeigniter4\framework\system\Database\BaseConnection.php(577): CodeIgniter\Database\BaseConnection->initialize()
#1 C:\xampp\htdocs\TugasAkhirPemweb\TugasAkhirPemweb\app\Models\M_Webinar.php(13): CodeIgniter\Database\BaseConnection->query('SELECT * FROM w...')
#2 C:\xampp\htdocs\TugasAkhirPemweb\TugasAkhirPemweb\app\Controllers\C_Webinar.php(13): App\Models\M_Webinar->getAllWebinar()
#3 C:\xampp\htdocs\TugasAkhirPemweb\TugasAkhirPemweb\vendor\codeigniter4\framework\system\CodeIgniter.php(832): App\Controllers\C_Webinar->index()
#4 C:\xampp\htdocs\TugasAkhirPemweb\TugasAkhirPemweb\vendor\codeigniter4\framework\system\CodeIgniter.php(419): CodeIgniter\CodeIgniter->runController(Object(App\Controllers\C_Webinar))
#5 C:\xampp\htdocs\TugasAkhirPemweb\TugasAkhirPemweb\vendor\codeigniter4\framework\system\CodeIgniter.php(326): CodeIgniter\CodeIgniter->handleRequest(NULL, Object(Config\Cache), false)
#6 C:\xampp\htdocs\TugasAkhirPemweb\TugasAkhirPemweb\public\index.php(37): CodeIgniter\CodeIgniter->run()
#7 C:\xampp\htdocs\TugasAkhirPemweb\TugasAkhirPemweb\vendor\codeigniter4\framework\system\Commands\Server\rewrite.php(43): require_once('C:\\xampp\\htdocs...')
#8 {main}
ERROR - 2022-06-02 23:25:48 --> Error connecting to the database: No connection could be made because the target machine actively refused it
CRITICAL - 2022-06-02 23:25:48 --> Unable to connect to the database.
Main connection [MySQLi]: No connection could be made because the target machine actively refused it
#0 C:\xampp\htdocs\TugasAkhirPemweb\TugasAkhirPemweb\vendor\codeigniter4\framework\system\Database\BaseConnection.php(577): CodeIgniter\Database\BaseConnection->initialize()
#1 C:\xampp\htdocs\TugasAkhirPemweb\TugasAkhirPemweb\app\Models\M_User.php(26): CodeIgniter\Database\BaseConnection->query('SELECT * FROM u...')
#2 C:\xampp\htdocs\TugasAkhirPemweb\TugasAkhirPemweb\app\Controllers\C_Login.php(34): App\Models\M_User->getUserByEmail('fadhilahbagaska...')
#3 C:\xampp\htdocs\TugasAkhirPemweb\TugasAkhirPemweb\vendor\codeigniter4\framework\system\CodeIgniter.php(832): App\Controllers\C_Login->process()
#4 C:\xampp\htdocs\TugasAkhirPemweb\TugasAkhirPemweb\vendor\codeigniter4\framework\system\CodeIgniter.php(419): CodeIgniter\CodeIgniter->runController(Object(App\Controllers\C_Login))
#5 C:\xampp\htdocs\TugasAkhirPemweb\TugasAkhirPemweb\vendor\codeigniter4\framework\system\CodeIgniter.php(326): CodeIgniter\CodeIgniter->handleRequest(NULL, Object(Config\Cache), false)
#6 C:\xampp\htdocs\TugasAkhirPemweb\TugasAkhirPemweb\public\index.php(37): CodeIgniter\CodeIgniter->run()
#7 C:\xampp\htdocs\TugasAkhirPemweb\TugasAkhirPemweb\vendor\codeigniter4\framework\system\Commands\Server\rewrite.php(43): require_once('C:\\xampp\\htdocs...')
#8 {main}
ERROR - 2022-06-02 23:26:27 --> Error connecting to the database: No connection could be made because the target machine actively refused it
CRITICAL - 2022-06-02 23:26:27 --> Unable to connect to the database.
Main connection [MySQLi]: No connection could be made because the target machine actively refused it
#0 C:\xampp\htdocs\TugasAkhirPemweb\TugasAkhirPemweb\vendor\codeigniter4\framework\system\Database\BaseConnection.php(577): CodeIgniter\Database\BaseConnection->initialize()
#1 C:\xampp\htdocs\TugasAkhirPemweb\TugasAkhirPemweb\app\Models\M_User.php(26): CodeIgniter\Database\BaseConnection->query('SELECT * FROM u...')
#2 C:\xampp\htdocs\TugasAkhirPemweb\TugasAkhirPemweb\app\Controllers\C_Login.php(34): App\Models\M_User->getUserByEmail('fadhilahbagaska...')
#3 C:\xampp\htdocs\TugasAkhirPemweb\TugasAkhirPemweb\vendor\codeigniter4\framework\system\CodeIgniter.php(832): App\Controllers\C_Login->process()
#4 C:\xampp\htdocs\TugasAkhirPemweb\TugasAkhirPemweb\vendor\codeigniter4\framework\system\CodeIgniter.php(419): CodeIgniter\CodeIgniter->runController(Object(App\Controllers\C_Login))
#5 C:\xampp\htdocs\TugasAkhirPemweb\TugasAkhirPemweb\vendor\codeigniter4\framework\system\CodeIgniter.php(326): CodeIgniter\CodeIgniter->handleRequest(NULL, Object(Config\Cache), false)
#6 C:\xampp\htdocs\TugasAkhirPemweb\TugasAkhirPemweb\public\index.php(37): CodeIgniter\CodeIgniter->run()
#7 C:\xampp\htdocs\TugasAkhirPemweb\TugasAkhirPemweb\vendor\codeigniter4\framework\system\Commands\Server\rewrite.php(43): require_once('C:\\xampp\\htdocs...')
#8 {main}
ERROR - 2022-06-02 23:26:37 --> Error connecting to the database: No connection could be made because the target machine actively refused it
CRITICAL - 2022-06-02 23:26:37 --> Unable to connect to the database.
Main connection [MySQLi]: No connection could be made because the target machine actively refused it
#0 C:\xampp\htdocs\TugasAkhirPemweb\TugasAkhirPemweb\vendor\codeigniter4\framework\system\Database\BaseConnection.php(577): CodeIgniter\Database\BaseConnection->initialize()
#1 C:\xampp\htdocs\TugasAkhirPemweb\TugasAkhirPemweb\app\Models\M_User.php(26): CodeIgniter\Database\BaseConnection->query('SELECT * FROM u...')
#2 C:\xampp\htdocs\TugasAkhirPemweb\TugasAkhirPemweb\app\Controllers\C_Login.php(34): App\Models\M_User->getUserByEmail('fadhilahbagaska...')
#3 C:\xampp\htdocs\TugasAkhirPemweb\TugasAkhirPemweb\vendor\codeigniter4\framework\system\CodeIgniter.php(832): App\Controllers\C_Login->process()
#4 C:\xampp\htdocs\TugasAkhirPemweb\TugasAkhirPemweb\vendor\codeigniter4\framework\system\CodeIgniter.php(419): CodeIgniter\CodeIgniter->runController(Object(App\Controllers\C_Login))
#5 C:\xampp\htdocs\TugasAkhirPemweb\TugasAkhirPemweb\vendor\codeigniter4\framework\system\CodeIgniter.php(326): CodeIgniter\CodeIgniter->handleRequest(NULL, Object(Config\Cache), false)
#6 C:\xampp\htdocs\TugasAkhirPemweb\TugasAkhirPemweb\public\index.php(37): CodeIgniter\CodeIgniter->run()
#7 C:\xampp\htdocs\TugasAkhirPemweb\TugasAkhirPemweb\vendor\codeigniter4\framework\system\Commands\Server\rewrite.php(43): require_once('C:\\xampp\\htdocs...')
#8 {main}
ERROR - 2022-06-02 23:27:14 --> Error connecting to the database: No connection could be made because the target machine actively refused it
CRITICAL - 2022-06-02 23:27:14 --> Unable to connect to the database.
Main connection [MySQLi]: No connection could be made because the target machine actively refused it
#0 C:\xampp\htdocs\TugasAkhirPemweb\TugasAkhirPemweb\vendor\codeigniter4\framework\system\Database\BaseConnection.php(577): CodeIgniter\Database\BaseConnection->initialize()
#1 C:\xampp\htdocs\TugasAkhirPemweb\TugasAkhirPemweb\app\Models\M_User.php(26): CodeIgniter\Database\BaseConnection->query('SELECT * FROM u...')
#2 C:\xampp\htdocs\TugasAkhirPemweb\TugasAkhirPemweb\app\Controllers\C_Login.php(34): App\Models\M_User->getUserByEmail('fadhilahbagaska...')
#3 C:\xampp\htdocs\TugasAkhirPemweb\TugasAkhirPemweb\vendor\codeigniter4\framework\system\CodeIgniter.php(832): App\Controllers\C_Login->process()
#4 C:\xampp\htdocs\TugasAkhirPemweb\TugasAkhirPemweb\vendor\codeigniter4\framework\system\CodeIgniter.php(419): CodeIgniter\CodeIgniter->runController(Object(App\Controllers\C_Login))
#5 C:\xampp\htdocs\TugasAkhirPemweb\TugasAkhirPemweb\vendor\codeigniter4\framework\system\CodeIgniter.php(326): CodeIgniter\CodeIgniter->handleRequest(NULL, Object(Config\Cache), false)
#6 C:\xampp\htdocs\TugasAkhirPemweb\TugasAkhirPemweb\public\index.php(37): CodeIgniter\CodeIgniter->run()
#7 C:\xampp\htdocs\TugasAkhirPemweb\TugasAkhirPemweb\vendor\codeigniter4\framework\system\Commands\Server\rewrite.php(43): require_once('C:\\xampp\\htdocs...')
#8 {main}
