ERROR - 2022-06-08 01:06:16 --> Error connecting to the database: Access denied for user '****'@'localhost' (using password: YES)
CRITICAL - 2022-06-08 01:06:17 --> Unable to connect to the database.
Main connection [MySQLi]: Access denied for user '****'@'localhost' (using password: YES)
#0 C:\xampp\htdocs\TugasAkhir\TugasAkhirPemweb\vendor\codeigniter4\framework\system\Database\BaseConnection.php(577): CodeIgniter\Database\BaseConnection->initialize()
#1 C:\xampp\htdocs\TugasAkhir\TugasAkhirPemweb\vendor\codeigniter4\framework\system\Database\BaseBuilder.php(1455): CodeIgniter\Database\BaseConnection->query('SELECT *\nFROM `...', Array, false)
#2 C:\xampp\htdocs\TugasAkhir\TugasAkhirPemweb\app\Models\M_Slider.php(19): CodeIgniter\Database\BaseBuilder->get()
#3 C:\xampp\htdocs\TugasAkhir\TugasAkhirPemweb\app\Controllers\Admin\C_Slider.php(21): App\Models\M_Slider->getAllSlider()
#4 C:\xampp\htdocs\TugasAkhir\TugasAkhirPemweb\vendor\codeigniter4\framework\system\CodeIgniter.php(832): App\Controllers\Admin\C_Slider->index()
#5 C:\xampp\htdocs\TugasAkhir\TugasAkhirPemweb\vendor\codeigniter4\framework\system\CodeIgniter.php(419): CodeIgniter\CodeIgniter->runController(Object(App\Controllers\Admin\C_Slider))
#6 C:\xampp\htdocs\TugasAkhir\TugasAkhirPemweb\vendor\codeigniter4\framework\system\CodeIgniter.php(326): CodeIgniter\CodeIgniter->handleRequest(NULL, Object(Config\Cache), false)
#7 C:\xampp\htdocs\TugasAkhir\TugasAkhirPemweb\public\index.php(37): CodeIgniter\CodeIgniter->run()
#8 C:\xampp\htdocs\TugasAkhir\TugasAkhirPemweb\vendor\codeigniter4\framework\system\Commands\Server\rewrite.php(43): require_once('C:\\xampp\\htdocs...')
#9 {main}
ERROR - 2022-06-08 01:06:40 --> Table 'tugasakhirpemweb.slider' doesn't exist
CRITICAL - 2022-06-08 01:06:40 --> Call to a member function getResultArray() on bool
#0 C:\xampp\htdocs\TugasAkhir\TugasAkhirPemweb\app\Controllers\Admin\C_Slider.php(21): App\Models\M_Slider->getAllSlider()
#1 C:\xampp\htdocs\TugasAkhir\TugasAkhirPemweb\vendor\codeigniter4\framework\system\CodeIgniter.php(832): App\Controllers\Admin\C_Slider->index()
#2 C:\xampp\htdocs\TugasAkhir\TugasAkhirPemweb\vendor\codeigniter4\framework\system\CodeIgniter.php(419): CodeIgniter\CodeIgniter->runController(Object(App\Controllers\Admin\C_Slider))
#3 C:\xampp\htdocs\TugasAkhir\TugasAkhirPemweb\vendor\codeigniter4\framework\system\CodeIgniter.php(326): CodeIgniter\CodeIgniter->handleRequest(NULL, Object(Config\Cache), false)
#4 C:\xampp\htdocs\TugasAkhir\TugasAkhirPemweb\public\index.php(37): CodeIgniter\CodeIgniter->run()
#5 C:\xampp\htdocs\TugasAkhir\TugasAkhirPemweb\vendor\codeigniter4\framework\system\Commands\Server\rewrite.php(43): require_once('C:\\xampp\\htdocs...')
#6 {main}
